align does not yet have an ESLint equivalent.
comment-type does not yet have an ESLint equivalent.
encoding does not yet have an ESLint equivalent.
file-name-casing does not yet have an ESLint equivalent.
import-spacing does not yet have an ESLint equivalent.
invalid-void does not yet have an ESLint equivalent.
jsdoc-format does not yet have an ESLint equivalent.
match-default-export-name does not yet have an ESLint equivalent.
max-line-length does not yet have an ESLint equivalent.
newline-before-return does not yet have an ESLint equivalent.
no-async-without-await does not yet have an ESLint equivalent.
no-boolean-literal-compare does not yet have an ESLint equivalent.
no-default-export does not yet have an ESLint equivalent.
no-default-import does not yet have an ESLint equivalent.
no-duplicate-imports does not yet have an ESLint equivalent.
no-duplicate-variable does not yet have an ESLint equivalent.
no-floating-promises does not yet have an ESLint equivalent.
no-for-in does not yet have an ESLint equivalent.
no-implicit-dependencies does not yet have an ESLint equivalent.
no-import-side-effect does not yet have an ESLint equivalent.
no-inferred-empty-object-type does not yet have an ESLint equivalent.
no-mergeable-namespace does not yet have an ESLint equivalent.
no-null-keyword does not yet have an ESLint equivalent.
no-null-undefined-union does not yet have an ESLint equivalent.
no-promise-as-boolean does not yet have an ESLint equivalent.
no-redundant-jsdoc does not yet have an ESLint equivalent.
no-reference-import does not yet have an ESLint equivalent.
no-restricted-globals does not yet have an ESLint equivalent.
no-shadowed-variable does not yet have an ESLint equivalent.
no-submodule-imports does not yet have an ESLint equivalent.
no-tautology-expression does not yet have an ESLint equivalent.
no-trailing-whitespace does not yet have an ESLint equivalent.
no-unnecessary-callback-wrapper does not yet have an ESLint equivalent.
no-unsafe-any does not yet have an ESLint equivalent.
no-unused-expression does not yet have an ESLint equivalent.
no-void-expression does not yet have an ESLint equivalent.
number-literal-format does not yet have an ESLint equivalent.
one-line does not yet have an ESLint equivalent.
only-arrow-functions does not yet have an ESLint equivalent.
ordered-imports does not yet have an ESLint equivalent.
prefer-conditional-expression does not yet have an ESLint equivalent.
prefer-readonly does not yet have an ESLint equivalent.
prefer-switch does not yet have an ESLint equivalent.
prefer-while does not yet have an ESLint equivalent.
quotemark does not yet have an ESLint equivalent.
return-undefined does not yet have an ESLint equivalent.
semicolon does not yet have an ESLint equivalent.
space-within-parens does not yet have an ESLint equivalent.
static-this does not yet have an ESLint equivalent.
strict-boolean-expressions does not yet have an ESLint equivalent.
strict-string-expressions does not yet have an ESLint equivalent.
strict-type-predicates does not yet have an ESLint equivalent.
switch-final-break does not yet have an ESLint equivalent.
trailing-comma does not yet have an ESLint equivalent.
triple-equals does not yet have an ESLint equivalent.
unnecessary-else does not yet have an ESLint equivalent.
use-default-type-parameter does not yet have an ESLint equivalent.
whitespace does not yet have an ESLint equivalent.
